
ROM used:   2162/8192 (26%)
            2586/8192 (32%) including unused fragments

            1.5 Average locations per line
            10.1 Average locations per statement

RAM used:   48/368 (13%) at main() level
            77/368 (21%) worst case

Stack used: 5 worst case (5 in main + 0 for interrupts)
Stack size: 8

Lines Stmts  %   Files
----- ----- ---  -----
  146    68  32  VFO-DDS.c
  671     0   0  ..\..\..\..\Program Files (x86)\PICC\Devices\16F877A.h
  456    84  39  ..\..\..\..\Program Files (x86)\PICC\Drivers\lcd.c
  122    62  29  ad9850.h
----- -----
 1395   214 Total

Page ROM  %  RAM   Vol Diff  Functions:
---- --- --- ---   --- ----  ----------
0     20   1    1             @delay_ms1
 Inline         3   596  5.9  lcd_read_byte
0      6   0    0    59  4.2  lcd_read_nibble
0     17   1    1   179  3.3  lcd_send_nibble
0     66   3    3   460  4.7  lcd_send_byte
0     62   3    6   814  7.2  lcd_init
0     18   1    4   208  6.3  lcd_gotoxy
0     44   2    1   354  4.7  lcd_putc
0     27   1    0   115  1.7  AD9850_init
0     69   3    0   367  1.9  AD9850_reset
0    648  30   16  1885  6.6  AD9850_wr_serial
 Inline        14             @DIVFF
 Inline        13             @MULFF
 Inline         5             @FTOSD
0    144   7    8   349  6.5  encoder0Loop
0     42   2   13             @MUL3232
1    538  25    4  2070  6.8  MAIN
0      9   0    0             @const717
0     86   4    4             @PSTRINGC7_647
0      9   0    0             @const719
0    122   6   14             @DIVS3232
0     21   1    5             @MUL1616
0     99   5    9             @PRINTF_LU_647
0      9   0    0             @const729
0      9   0    0             @const730
0      9   0    0             @const731
0      9   0    0             @const732
0      9   0    0             @const733
0      9   0    0             @const734
0      9   0    0             @const735
0     48   2    5             @SDTOF
 Inline         0             @cinit1

Program metrics:
    Functions               12
    Statements              214
    Comments                278
    Volume (V)              11288
    Difficulty (D)          56.1
    Effort to implement (E) 633227
    Time to implement (T)   9 hours, 46 minutes
    Est Delivered Bugs (B)  2
    Cyclomatic Complexity   34
    Maintainability (MI)    134

 Segment     Used  Free
-----------  ----  ----
00000-00003     4  0  
00004-007FF  1620  424  
00800-00FFF   538  1510  
01000-017FF     0  2048  
01800-01FFF     0  2048  



