
ROM used:   2164/8192 (26%)
            2480/8192 (30%) including unused fragments

            1.6 Average locations per line
            9.1 Average locations per statement

RAM used:   35/368 (10%) at main() level
            64/368 (17%) worst case

Stack used: 7 worst case (5 in main + 2 for interrupts)
Stack size: 8

Lines Stmts  %   Files
----- ----- ---  -----
  170    93  39  VFO-DDS.c
  639     0   0  ..\..\..\..\Program Files (x86)\PICC\Devices\16F877.h
  456    84  35  ..\..\..\..\Program Files (x86)\PICC\Drivers\lcd.c
  122    62  26  ad9850.h
----- -----
 1387   239 Total

Page ROM  %  RAM   Vol Diff  Functions:
---- --- --- ---   --- ----  ----------
0     20   1    1             @delay_ms1
 Inline         3   596  5.9  lcd_read_byte
0      6   0    0    59  4.2  lcd_read_nibble
0     17   1    1   179  3.3  lcd_send_nibble
0     66   3    3   460  4.7  lcd_send_byte
0     62   3    6   814  7.2  lcd_init
0     18   1    4   208  6.3  lcd_gotoxy
0     44   2    1   354  4.7  lcd_putc
0      7   0    0   115  1.7  AD9850_init
0     14   1    0   367  1.9  AD9850_reset
0    563  26   16  1885  6.6  AD9850_wr_serial
 Inline        14             @DIVFF
 Inline        13             @MULFF
 Inline         5             @FTOSD
0    130   6    0   475  3.8  contagem
0    223  10    0  1182  5.8  trata_intRB
1    432  20    4  1644  7.3  MAIN
0    122   6   14  1525  6.8  @DIVS3232
0     21   1    5             @MUL1616
0     44   2   13             @MUL3232
0     99   5    9             @PRINTF_LU_641
0      9   0    0             @const719
0     86   4    4             @PSTRINGC7_641
0      9   0    0             @const721
0      9   0    0             @const722
0      9   0    0             @const723
0      9   0    0             @const724
0      9   0    0             @const725
0      9   0    0             @const726
0     48   2    5             @SDTOF
 Inline         0             @cinit1

Program metrics:
    Functions               14
    Statements              239
    Comments                262
    Volume (V)              15360
    Difficulty (D)          66.4
    Effort to implement (E) 1020532
    Time to implement (T)   15 hours, 45 minutes
    Est Delivered Bugs (B)  3
    Cyclomatic Complexity   55
    Maintainability (MI)    108

 Segment     Used  Free
-----------  ----  ----
00000-00003     4  0  
00004-0004E    75  0  
0004F-007FF  1653  316  
00800-00FFF   432  1616  
01000-017FF     0  2048  
01800-01FFF     0  2048  



